current directory: /fm/.gems/gems/eventmachine-1.2.7/ext/fastfilereader
/usr/local/bin/ruby -I /usr/local/lib/ruby/2.6.0 -r ./siteconf20211116-1-ald32d.rb extconf.rb
creating Makefile

current directory: /fm/.gems/gems/eventmachine-1.2.7/ext/fastfilereader
make "DESTDIR=" clean

current directory: /fm/.gems/gems/eventmachine-1.2.7/ext/fastfilereader
make "DESTDIR="
compiling mapper.cpp
cc1plus: warning: command-line option '-Wdeclaration-after-statement' is valid for C/ObjC but not for C++
cc1plus: warning: command-line option '-Wimplicit-function-declaration' is valid for C/ObjC but not for C++
cc1plus: warning: command-line option '-Wimplicit-int' is valid for C/ObjC but not for C++
cc1plus: note: unrecognized command-line option '-Wno-self-assign' may have been intended to silence earlier diagnostics
cc1plus: note: unrecognized command-line option '-Wno-parentheses-equality' may have been intended to silence earlier diagnostics
cc1plus: note: unrecognized command-line option '-Wno-constant-logical-operand' may have been intended to silence earlier diagnostics
compiling rubymain.cpp
cc1plus: warning: command-line option '-Wdeclaration-after-statement' is valid for C/ObjC but not for C++
cc1plus: warning: command-line option '-Wimplicit-function-declaration' is valid for C/ObjC but not for C++
cc1plus: warning: command-line option '-Wimplicit-int' is valid for C/ObjC but not for C++
cc1plus: note: unrecognized command-line option '-Wno-self-assign' may have been intended to silence earlier diagnostics
cc1plus: note: unrecognized command-line option '-Wno-parentheses-equality' may have been intended to silence earlier diagnostics
cc1plus: note: unrecognized command-line option '-Wno-constant-logical-operand' may have been intended to silence earlier diagnostics
linking shared-object fastfilereaderext.so

current directory: /fm/.gems/gems/eventmachine-1.2.7/ext/fastfilereader
make "DESTDIR=" install
/usr/bin/install -c -m 0755 fastfilereaderext.so ./.gem.20211116-1-6xgvt3
