current directory: /fm/.gems/gems/thin-1.8.1/ext/thin_parser
/usr/local/bin/ruby -I /usr/local/lib/ruby/2.6.0 -r ./siteconf20211116-1-1ouweiy.rb extconf.rb
checking for main() in -lc... yes
creating Makefile

current directory: /fm/.gems/gems/thin-1.8.1/ext/thin_parser
make "DESTDIR=" clean

current directory: /fm/.gems/gems/thin-1.8.1/ext/thin_parser
make "DESTDIR="
compiling parser.c
parser.c:31:18: warning: 'http_parser_en_main' defined but not used [-Wunused-const-variable=]
   31 | static const int http_parser_en_main = 1;
      |                  ^~~~~~~~~~~~~~~~~~~
cc1: note: unrecognized command-line option '-Wno-self-assign' may have been intended to silence earlier diagnostics
cc1: note: unrecognized command-line option '-Wno-parentheses-equality' may have been intended to silence earlier diagnostics
cc1: note: unrecognized command-line option '-Wno-constant-logical-operand' may have been intended to silence earlier diagnostics
compiling thin.c
linking shared-object thin_parser.so

current directory: /fm/.gems/gems/thin-1.8.1/ext/thin_parser
make "DESTDIR=" install
/usr/bin/install -c -m 0755 thin_parser.so ./.gem.20211116-1-1fvig4h
